  Blur.cpp
D:\OneDrive\OneDrive - VNU-HCMUS\ĐH\HK5\ImageProcessing\Lab\Lab3\IP-Lab3\IP-Lab3\Convolution.h(41,1): warning C4267: 'initializing': conversion from 'size_t' to 'int', possible loss of data
D:\OneDrive\OneDrive - VNU-HCMUS\ĐH\HK5\ImageProcessing\Lab\Lab3\IP-Lab3\IP-Lab3\Convolution.h(54,1): warning C4267: '=': conversion from 'size_t' to 'int', possible loss of data
  GeometricTransformer.cpp
D:\OneDrive\OneDrive - VNU-HCMUS\ĐH\HK5\ImageProcessing\Lab\18120320-18120424-18120402-18120527-18120526_Lab02\Source\IP-Lab2\IP-Lab2\GeometricTransformer.cpp(29,11): warning C4244: 'initializing': conversion from 'float' to 'uchar', possible loss of data
D:\OneDrive\OneDrive - VNU-HCMUS\ĐH\HK5\ImageProcessing\Lab\18120320-18120424-18120402-18120527-18120526_Lab02\Source\IP-Lab2\IP-Lab2\GeometricTransformer.cpp(30,11): warning C4244: 'initializing': conversion from 'float' to 'uchar', possible loss of data
D:\OneDrive\OneDrive - VNU-HCMUS\ĐH\HK5\ImageProcessing\Lab\18120320-18120424-18120402-18120527-18120526_Lab02\Source\IP-Lab2\IP-Lab2\GeometricTransformer.cpp(31,10): warning C4244: 'initializing': conversion from 'float' to 'uchar', possible loss of data
D:\OneDrive\OneDrive - VNU-HCMUS\ĐH\HK5\ImageProcessing\Lab\18120320-18120424-18120402-18120527-18120526_Lab02\Source\IP-Lab2\IP-Lab2\GeometricTransformer.cpp(53,15): warning C4101: 'e': unreferenced local variable
D:\OneDrive\OneDrive - VNU-HCMUS\ĐH\HK5\ImageProcessing\Lab\18120320-18120424-18120402-18120527-18120526_Lab02\Source\IP-Lab2\IP-Lab2\GeometricTransformer.cpp(90,16): warning C4244: '=': conversion from 'double' to 'float', possible loss of data
D:\OneDrive\OneDrive - VNU-HCMUS\ĐH\HK5\ImageProcessing\Lab\18120320-18120424-18120402-18120527-18120526_Lab02\Source\IP-Lab2\IP-Lab2\GeometricTransformer.cpp(193,16): warning C4244: 'initializing': conversion from 'int' to 'float', possible loss of data
D:\OneDrive\OneDrive - VNU-HCMUS\ĐH\HK5\ImageProcessing\Lab\18120320-18120424-18120402-18120527-18120526_Lab02\Source\IP-Lab2\IP-Lab2\GeometricTransformer.cpp(194,16): warning C4244: 'initializing': conversion from 'int' to 'float', possible loss of data
D:\OneDrive\OneDrive - VNU-HCMUS\ĐH\HK5\ImageProcessing\Lab\18120320-18120424-18120402-18120527-18120526_Lab02\Source\IP-Lab2\IP-Lab2\GeometricTransformer.cpp(215,10): warning C4244: 'initializing': conversion from 'const int' to 'float', possible loss of data
D:\OneDrive\OneDrive - VNU-HCMUS\ĐH\HK5\ImageProcessing\Lab\18120320-18120424-18120402-18120527-18120526_Lab02\Source\IP-Lab2\IP-Lab2\GeometricTransformer.cpp(216,10): warning C4244: 'initializing': conversion from 'const int' to 'float', possible loss of data
D:\OneDrive\OneDrive - VNU-HCMUS\ĐH\HK5\ImageProcessing\Lab\18120320-18120424-18120402-18120527-18120526_Lab02\Source\IP-Lab2\IP-Lab2\GeometricTransformer.cpp(219,20): warning C4244: 'argument': conversion from 'float' to 'int', possible loss of data
D:\OneDrive\OneDrive - VNU-HCMUS\ĐH\HK5\ImageProcessing\Lab\18120320-18120424-18120402-18120527-18120526_Lab02\Source\IP-Lab2\IP-Lab2\GeometricTransformer.cpp(219,17): warning C4244: 'argument': conversion from 'float' to 'int', possible loss of data
D:\OneDrive\OneDrive - VNU-HCMUS\ĐH\HK5\ImageProcessing\Lab\18120320-18120424-18120402-18120527-18120526_Lab02\Source\IP-Lab2\IP-Lab2\GeometricTransformer.cpp(224,13): warning C4244: 'initializing': conversion from 'double' to 'float', possible loss of data
D:\OneDrive\OneDrive - VNU-HCMUS\ĐH\HK5\ImageProcessing\Lab\18120320-18120424-18120402-18120527-18120526_Lab02\Source\IP-Lab2\IP-Lab2\GeometricTransformer.cpp(225,13): warning C4244: 'initializing': conversion from 'double' to 'float', possible loss of data
D:\OneDrive\OneDrive - VNU-HCMUS\ĐH\HK5\ImageProcessing\Lab\18120320-18120424-18120402-18120527-18120526_Lab02\Source\IP-Lab2\IP-Lab2\GeometricTransformer.cpp(231,40): warning C4244: 'argument': conversion from 'float' to 'int', possible loss of data
D:\OneDrive\OneDrive - VNU-HCMUS\ĐH\HK5\ImageProcessing\Lab\18120320-18120424-18120402-18120527-18120526_Lab02\Source\IP-Lab2\IP-Lab2\GeometricTransformer.cpp(231,24): warning C4244: 'argument': conversion from 'float' to 'int', possible loss of data
D:\OneDrive\OneDrive - VNU-HCMUS\ĐH\HK5\ImageProcessing\Lab\18120320-18120424-18120402-18120527-18120526_Lab02\Source\IP-Lab2\IP-Lab2\GeometricTransformer.cpp(236,11): warning C4244: 'initializing': conversion from 'int' to 'float', possible loss of data
D:\OneDrive\OneDrive - VNU-HCMUS\ĐH\HK5\ImageProcessing\Lab\18120320-18120424-18120402-18120527-18120526_Lab02\Source\IP-Lab2\IP-Lab2\GeometricTransformer.cpp(237,11): warning C4244: 'initializing': conversion from 'int' to 'float', possible loss of data
D:\OneDrive\OneDrive - VNU-HCMUS\ĐH\HK5\ImageProcessing\Lab\18120320-18120424-18120402-18120527-18120526_Lab02\Source\IP-Lab2\IP-Lab2\GeometricTransformer.cpp(256,10): warning C4244: 'initializing': conversion from 'int' to 'float', possible loss of data
D:\OneDrive\OneDrive - VNU-HCMUS\ĐH\HK5\ImageProcessing\Lab\18120320-18120424-18120402-18120527-18120526_Lab02\Source\IP-Lab2\IP-Lab2\GeometricTransformer.cpp(257,10): warning C4244: 'initializing': conversion from 'int' to 'float', possible loss of data
D:\OneDrive\OneDrive - VNU-HCMUS\ĐH\HK5\ImageProcessing\Lab\18120320-18120424-18120402-18120527-18120526_Lab02\Source\IP-Lab2\IP-Lab2\GeometricTransformer.cpp(303,20): warning C4244: 'argument': conversion from 'int' to 'float', possible loss of data
D:\OneDrive\OneDrive - VNU-HCMUS\ĐH\HK5\ImageProcessing\Lab\18120320-18120424-18120402-18120527-18120526_Lab02\Source\IP-Lab2\IP-Lab2\GeometricTransformer.cpp(308,17): warning C4244: 'argument': conversion from 'int' to 'float', possible loss of data
  IP-Lab2.cpp
D:\OneDrive\OneDrive - VNU-HCMUS\ĐH\HK5\ImageProcessing\Lab\18120320-18120424-18120402-18120527-18120526_Lab02\Source\IP-Lab2\IP-Lab2\IP-Lab2.cpp(24,12): warning C4244: 'initializing': conversion from 'double' to 'float', possible loss of data
D:\OneDrive\OneDrive - VNU-HCMUS\ĐH\HK5\ImageProcessing\Lab\18120320-18120424-18120402-18120527-18120526_Lab02\Source\IP-Lab2\IP-Lab2\IP-Lab2.cpp(25,12): warning C4244: 'initializing': conversion from 'double' to 'float', possible loss of data
D:\OneDrive\OneDrive - VNU-HCMUS\ĐH\HK5\ImageProcessing\Lab\18120320-18120424-18120402-18120527-18120526_Lab02\Source\IP-Lab2\IP-Lab2\IP-Lab2.cpp(39,18): warning C4244: 'initializing': conversion from 'double' to 'float', possible loss of data
D:\OneDrive\OneDrive - VNU-HCMUS\ĐH\HK5\ImageProcessing\Lab\18120320-18120424-18120402-18120527-18120526_Lab02\Source\IP-Lab2\IP-Lab2\IP-Lab2.cpp(40,19): warning C4244: 'initializing': conversion from 'double' to 'float', possible loss of data
D:\OneDrive\OneDrive - VNU-HCMUS\ĐH\HK5\ImageProcessing\Lab\18120320-18120424-18120402-18120527-18120526_Lab02\Source\IP-Lab2\IP-Lab2\IP-Lab2.cpp(44,50): warning C4244: 'argument': conversion from 'float' to 'int', possible loss of data
D:\OneDrive\OneDrive - VNU-HCMUS\ĐH\HK5\ImageProcessing\Lab\18120320-18120424-18120402-18120527-18120526_Lab02\Source\IP-Lab2\IP-Lab2\IP-Lab2.cpp(44,40): warning C4244: 'argument': conversion from 'float' to 'int', possible loss of data
D:\OneDrive\OneDrive - VNU-HCMUS\ĐH\HK5\ImageProcessing\Lab\18120320-18120424-18120402-18120527-18120526_Lab02\Source\IP-Lab2\IP-Lab2\IP-Lab2.cpp(49,50): warning C4244: 'argument': conversion from 'float' to 'int', possible loss of data
D:\OneDrive\OneDrive - VNU-HCMUS\ĐH\HK5\ImageProcessing\Lab\18120320-18120424-18120402-18120527-18120526_Lab02\Source\IP-Lab2\IP-Lab2\IP-Lab2.cpp(49,40): warning C4244: 'argument': conversion from 'float' to 'int', possible loss of data
D:\OneDrive\OneDrive - VNU-HCMUS\ĐH\HK5\ImageProcessing\Lab\18120320-18120424-18120402-18120527-18120526_Lab02\Source\IP-Lab2\IP-Lab2\IP-Lab2.cpp(54,15): warning C4244: 'initializing': conversion from 'double' to 'float', possible loss of data
D:\OneDrive\OneDrive - VNU-HCMUS\ĐH\HK5\ImageProcessing\Lab\18120320-18120424-18120402-18120527-18120526_Lab02\Source\IP-Lab2\IP-Lab2\IP-Lab2.cpp(68,15): warning C4244: 'initializing': conversion from 'double' to 'float', possible loss of data
  Generating Code...
Blur.obj : error LNK2019: unresolved external symbol "public: __cdecl Convolution::Convolution(void)" (??0Convolution@@QEAA@XZ) referenced in function "public: int __cdecl Blur::BlurImage(class cv::Mat const &,class cv::Mat &,int,int,int)" (?BlurImage@Blur@@QEAAHAEBVMat@cv@@AEAV23@HHH@Z)
Blur.obj : error LNK2019: unresolved external symbol "public: __cdecl Convolution::~Convolution(void)" (??1Convolution@@QEAA@XZ) referenced in function "public: int __cdecl Blur::BlurImage(class cv::Mat const &,class cv::Mat &,int,int,int)" (?BlurImage@Blur@@QEAAHAEBVMat@cv@@AEAV23@HHH@Z)
D:\OneDrive\OneDrive - VNU-HCMUS\ĐH\HK5\ImageProcessing\Lab\18120320-18120424-18120402-18120527-18120526_Lab02\Source\IP-Lab2\x64\Debug\IP-Lab2.exe : fatal error LNK1120: 2 unresolved externals
